<?xml version="1.0" encoding="UTF-8"?>
<!-- Generated by org.testng.reporters.JUnitXMLReporter -->
<testsuite ignored="1" hostname="ROHIT" failures="0" tests="1" name="Default test" time="12.175" errors="0" timestamp="2024-09-10T23:36:08 IST">
  <testcase classname="rohit.selenium.InternetHerokuAppTests" name="method2" time="12.15"/>
  <testcase classname="rohit.selenium.InternetHerokuAppTests" name="method1" time="0.0">
    <ignored/>
  </testcase> <!-- method1 -->
</testsuite> <!-- Default test -->
