<?xml version="1.0" encoding="UTF-8"?>
<testng-results ignored="4" total="5" passed="0" failed="1" skipped="0">
  <reporter-output>
  </reporter-output>
  <suite started-at="2024-09-06T22:58:50 IST" name="Suite" finished-at="2024-09-06T22:58:56 IST" duration-ms="5622">
    <groups>
    </groups>
    <test started-at="2024-09-06T22:58:50 IST" name="Test" finished-at="2024-09-06T22:58:56 IST" duration-ms="5622">
      <class name="rohit.selenium.Test1">
        <test-method signature="testMethod1()[pri:0, instance:rohit.selenium.Test1@7d4f9aae]" started-at="2024-09-06T22:58:51 IST" name="testMethod1" finished-at="2024-09-06T22:58:56 IST" duration-ms="4335" status="FAIL">
          <exception class="java.lang.NullPointerException">
            <message>
              <![CDATA[Cannot invoke "com.aventstack.extentreports.ExtentTest.log(com.aventstack.extentreports.Status, String)" because "rohit.selenium.Test1.test" is null]]>
            </message>
            <full-stacktrace>
              <![CDATA[java.lang.NullPointerException: Cannot invoke "com.aventstack.extentreports.ExtentTest.log(com.aventstack.extentreports.Status, String)" because "rohit.selenium.Test1.test" is null
at rohit.selenium.Test1.testMethod1(Test1.java:17)
at java.base/jdk.internal.reflect.NativeMethodAccessorImpl.invoke0(Native Method)
at java.base/jdk.internal.reflect.NativeMethodAccessorImpl.invoke(NativeMethodAccessorImpl.java:77)
at java.base/jdk.internal.reflect.DelegatingMethodAccessorImpl.invoke(DelegatingMethodAccessorImpl.java:43)
at java.base/java.lang.reflect.Method.invoke(Method.java:568)
at org.testng.internal.MethodInvocationHelper.invokeMethod(MethodInvocationHelper.java:133)
at org.testng.internal.TestInvoker.invokeMethod(TestInvoker.java:598)
at org.testng.internal.TestInvoker.invokeTestMethod(TestInvoker.java:173)
at org.testng.internal.MethodRunner.runInSequence(MethodRunner.java:46)
at org.testng.internal.TestInvoker$MethodInvocationAgent.invoke(TestInvoker.java:824)
at org.testng.internal.TestInvoker.invokeTestMethods(TestInvoker.java:146)
at org.testng.internal.TestMethodWorker.invokeTestMethods(TestMethodWorker.java:146)
at org.testng.internal.TestMethodWorker.run(TestMethodWorker.java:128)
at java.base/java.util.ArrayList.forEach(ArrayList.java:1511)
at org.testng.TestRunner.privateRun(TestRunner.java:794)
at org.testng.TestRunner.run(TestRunner.java:596)
at org.testng.SuiteRunner.runTest(SuiteRunner.java:377)
at org.testng.SuiteRunner.runSequentially(SuiteRunner.java:371)
at org.testng.SuiteRunner.privateRun(SuiteRunner.java:332)
at org.testng.SuiteRunner.run(SuiteRunner.java:276)
at org.testng.SuiteRunnerWorker.runSuite(SuiteRunnerWorker.java:53)
at org.testng.SuiteRunnerWorker.run(SuiteRunnerWorker.java:96)
at org.testng.TestNG.runSuitesSequentially(TestNG.java:1212)
at org.testng.TestNG.runSuitesLocally(TestNG.java:1134)
at org.testng.TestNG.runSuites(TestNG.java:1063)
at org.testng.TestNG.run(TestNG.java:1031)
at org.testng.remote.AbstractRemoteTestNG.run(AbstractRemoteTestNG.java:115)
at org.testng.remote.RemoteTestNG.initAndRun(RemoteTestNG.java:293)
at org.testng.remote.RemoteTestNG.main(RemoteTestNG.java:91)
]]>
            </full-stacktrace>
          </exception> <!-- java.lang.NullPointerException -->
          <reporter-output>
          </reporter-output>
        </test-method> <!-- testMethod1 -->
      </class> <!-- rohit.selenium.Test1 -->
      <class name="rohit.selenium.BaseClass">
        <test-method is-config="true" signature="oneTimeSetUp()[pri:0, instance:rohit.selenium.BaseClass@26e356f0]" started-at="2024-09-06T22:58:50 IST" name="oneTimeSetUp" finished-at="2024-09-06T22:58:50 IST" duration-ms="380" status="PASS">
          <reporter-output>
          </reporter-output>
        </test-method> <!-- oneTimeSetUp -->
        <test-method is-config="true" signature="setUp()[pri:0, instance:rohit.selenium.BaseClass@26e356f0]" started-at="2024-09-06T22:58:50 IST" name="setUp" finished-at="2024-09-06T22:58:51 IST" duration-ms="966" status="PASS">
          <reporter-output>
          </reporter-output>
        </test-method> <!-- setUp -->
        <test-method is-config="true" signature="endTest()[pri:0, instance:rohit.selenium.BaseClass@26e356f0]" started-at="2024-09-06T22:58:56 IST" name="endTest" finished-at="2024-09-06T22:58:56 IST" duration-ms="301" status="PASS">
          <reporter-output>
          </reporter-output>
        </test-method> <!-- endTest -->
        <test-method is-config="true" signature="oneTimeEndTest()[pri:0, instance:rohit.selenium.BaseClass@26e356f0]" started-at="2024-09-06T22:58:56 IST" name="oneTimeEndTest" finished-at="2024-09-06T22:58:56 IST" duration-ms="48" status="PASS">
          <reporter-output>
          </reporter-output>
        </test-method> <!-- oneTimeEndTest -->
      </class> <!-- rohit.selenium.BaseClass -->
    </test> <!-- Test -->
  </suite> <!-- Suite -->
</testng-results>
