<?xml version="1.0" encoding="UTF-8"?>
<testng-results ignored="1" total="3" passed="2" failed="0" skipped="0">
  <reporter-output>
  </reporter-output>
  <suite started-at="2024-09-07T22:15:33 IST" name="Suite" finished-at="2024-09-07T22:15:41 IST" duration-ms="7803">
    <groups>
    </groups>
    <test started-at="2024-09-07T22:15:33 IST" name="Test" finished-at="2024-09-07T22:15:41 IST" duration-ms="7803">
      <class name="rohit.selenium.InternetHerokuAppTests">
        <test-method is-config="true" signature="setUp()[pri:0, instance:rohit.selenium.InternetHerokuAppTests@28ec166e]" started-at="2024-09-07T22:15:40 IST" name="setUp" finished-at="2024-09-07T22:15:40 IST" duration-ms="15" status="PASS">
          <reporter-output>
          </reporter-output>
        </test-method> <!-- setUp -->
        <test-method signature="ABTesting()[pri:0, instance:rohit.selenium.InternetHerokuAppTests@28ec166e]" started-at="2024-09-07T22:15:40 IST" name="ABTesting" finished-at="2024-09-07T22:15:40 IST" duration-ms="379" status="PASS">
          <reporter-output>
          </reporter-output>
        </test-method> <!-- ABTesting -->
        <test-method signature="testMethod2()[pri:0, instance:rohit.selenium.InternetHerokuAppTests@28ec166e]" started-at="2024-09-07T22:15:40 IST" name="testMethod2" finished-at="2024-09-07T22:15:40 IST" duration-ms="1" status="PASS">
          <reporter-output>
          </reporter-output>
        </test-method> <!-- testMethod2 -->
      </class> <!-- rohit.selenium.InternetHerokuAppTests -->
      <class name="utilities.BaseClass">
        <test-method is-config="true" signature="setUp()[pri:0, instance:utilities.BaseClass@517566b]" started-at="2024-09-07T22:15:33 IST" name="setUp" finished-at="2024-09-07T22:15:40 IST" duration-ms="7282" status="PASS">
          <reporter-output>
          </reporter-output>
        </test-method> <!-- setUp -->
        <test-method is-config="true" signature="tearDown()[pri:0, instance:utilities.BaseClass@517566b]" started-at="2024-09-07T22:15:40 IST" name="tearDown" finished-at="2024-09-07T22:15:41 IST" duration-ms="106" status="PASS">
          <reporter-output>
          </reporter-output>
        </test-method> <!-- tearDown -->
      </class> <!-- utilities.BaseClass -->
    </test> <!-- Test -->
  </suite> <!-- Suite -->
</testng-results>
