<?xml version="1.0" encoding="UTF-8"?>
<!-- Generated by org.testng.reporters.JUnitXMLReporter -->
<testsuite ignored="1" hostname="ROHIT" failures="0" tests="2" name="Test" time="7.803" errors="0" timestamp="2024-09-07T22:15:41 IST">
  <testcase classname="rohit.selenium.InternetHerokuAppTests" name="ABTesting" time="0.379"/>
  <testcase classname="rohit.selenium.InternetHerokuAppTests" name="testMethod2" time="0.001"/>
  <testcase classname="utilities.BaseClass" name="@AfterTest tearDown" time="0.0">
    <ignored/>
  </testcase> <!-- @AfterTest tearDown -->
</testsuite> <!-- Test -->
